# JRE version: Java(TM) SE Runtime Environment (12.0.1+12) (build 12.0.1+12)
# Java VM: Java HotSpot(TM) 64-Bit Server VM (12.0.1+12, mixed mode, sharing, tiered, compressed oops, g1 gc, windows-amd64)
Heap:
 garbage-first heap   total 151552K, used 3418K [0x0000000701200000, 0x0000000800000000)
  region size 1024K, 1 young (1024K), 1 survivors (1024K)
 Metaspace       used 2207K, capacity 5341K, committed 5504K, reserved 1056768K
  class space    used 256K, capacity 540K, committed 640K, reserved 1048576K
GC Heap History (10 events):
Event: 233.608 GC heap after
{Heap after GC invocations=54468 (full 0):
 garbage-first heap   total 75776K, used 3418K [0x0000000701200000, 0x0000000800000000)
  region size 1024K, 1 young (1024K), 1 survivors (1024K)
 Metaspace       used 2207K, capacity 5341K, committed 5504K, reserved 1056768K
  class space    used 256K, capacity 540K, committed 640K, reserved 1048576K
}
Event: 233.615 GC heap before
{Heap before GC invocations=54469 (full 0):
 garbage-first heap   total 75776K, used 34138K [0x0000000701200000, 0x0000000800000000)
  region size 1024K, 2 young (2048K), 1 survivors (1024K)
 Metaspace       used 2207K, capacity 5341K, committed 5504K, reserved 1056768K
  class space    used 256K, capacity 540K, committed 640K, reserved 1048576K
}
Event: 233.616 GC heap after
{Heap after GC invocations=54470 (full 0):
 garbage-first heap   total 151552K, used 3418K [0x0000000701200000, 0x0000000800000000)
  region size 1024K, 1 young (1024K), 1 survivors (1024K)
 Metaspace       used 2207K, capacity 5341K, committed 5504K, reserved 1056768K
  class space    used 256K, capacity 540K, committed 640K, reserved 1048576K
}
Event: 233.625 GC heap before
{Heap before GC invocations=54471 (full 0):
 garbage-first heap   total 75776K, used 34138K [0x0000000701200000, 0x0000000800000000)
  region size 1024K, 2 young (2048K), 1 survivors (1024K)
 Metaspace       used 2207K, capacity 5341K, committed 5504K, reserved 1056768K
  class space    used 256K, capacity 540K, committed 640K, reserved 1048576K
}
Event: 233.626 GC heap after
{Heap after GC invocations=54472 (full 0):
 garbage-first heap   total 75776K, used 3418K [0x0000000701200000, 0x0000000800000000)
  region size 1024K, 1 young (1024K), 1 survivors (1024K)
 Metaspace       used 2207K, capacity 5341K, committed 5504K, reserved 1056768K
  class space    used 256K, capacity 540K, committed 640K, reserved 1048576K
}
Event: 233.632 GC heap before
{Heap before GC invocations=54473 (full 0):
 garbage-first heap   total 75776K, used 34138K [0x0000000701200000, 0x0000000800000000)
  region size 1024K, 2 young (2048K), 1 survivors (1024K)
 Metaspace       used 2207K, capacity 5341K, committed 5504K, reserved 1056768K
  class space    used 256K, capacity 540K, committed 640K, reserved 1048576K
}
Event: 233.633 GC heap after
{Heap after GC invocations=54474 (full 0):
 garbage-first heap   total 75776K, used 3418K [0x0000000701200000, 0x0000000800000000)
  region size 1024K, 1 young (1024K), 1 survivors (1024K)
 Metaspace       used 2207K, capacity 5341K, committed 5504K, reserved 1056768K
  class space    used 256K, capacity 540K, committed 640K, reserved 1048576K
}
Event: 233.640 GC heap before
{Heap before GC invocations=54475 (full 0):
 garbage-first heap   total 75776K, used 34138K [0x0000000701200000, 0x0000000800000000)
  region size 1024K, 2 young (2048K), 1 survivors (1024K)
 Metaspace       used 2207K, capacity 5341K, committed 5504K, reserved 1056768K
  class space    used 256K, capacity 540K, committed 640K, reserved 1048576K
}
Event: 233.640 GC heap after
{Heap after GC invocations=54476 (full 0):
 garbage-first heap   total 75776K, used 3418K [0x0000000701200000, 0x0000000800000000)
  region size 1024K, 1 young (1024K), 1 survivors (1024K)
 Metaspace       used 2207K, capacity 5341K, committed 5504K, reserved 1056768K
  class space    used 256K, capacity 540K, committed 640K, reserved 1048576K
}
Event: 233.647 GC heap before
{Heap before GC invocations=54477 (full 0):
 garbage-first heap   total 75776K, used 34138K [0x0000000701200000, 0x0000000800000000)
  region size 1024K, 2 young (2048K), 1 survivors (1024K)
 Metaspace       used 2207K, capacity 5341K, committed 5504K, reserved 1056768K
  class space    used 256K, capacity 540K, committed 640K, reserved 1048576K
}

