# JRE version: Java(TM) SE Runtime Environment (12.0.1+12) (build 12.0.1+12)
# Java VM: Java HotSpot(TM) 64-Bit Server VM (12.0.1+12, mixed mode, sharing, tiered, compressed oops, g1 gc, windows-amd64)
Heap:
 garbage-first heap   total 151552K, used 3401K [0x0000000701200000, 0x0000000800000000)
  region size 1024K, 1 young (1024K), 1 survivors (1024K)
 Metaspace       used 2197K, capacity 5341K, committed 5504K, reserved 1056768K
  class space    used 256K, capacity 540K, committed 640K, reserved 1048576K
GC Heap History (10 events):
Event: 300.121 GC heap after
{Heap after GC invocations=79741 (full 0):
 garbage-first heap   total 68608K, used 3401K [0x0000000701200000, 0x0000000800000000)
  region size 1024K, 1 young (1024K), 1 survivors (1024K)
 Metaspace       used 2197K, capacity 5341K, committed 5504K, reserved 1056768K
  class space    used 256K, capacity 540K, committed 640K, reserved 1048576K
}
Event: 300.127 GC heap before
{Heap before GC invocations=79742 (full 0):
 garbage-first heap   total 68608K, used 30025K [0x0000000701200000, 0x0000000800000000)
  region size 1024K, 2 young (2048K), 1 survivors (1024K)
 Metaspace       used 2197K, capacity 5341K, committed 5504K, reserved 1056768K
  class space    used 256K, capacity 540K, committed 640K, reserved 1048576K
}
Event: 300.128 GC heap after
{Heap after GC invocations=79743 (full 0):
 garbage-first heap   total 137216K, used 3401K [0x0000000701200000, 0x0000000800000000)
  region size 1024K, 1 young (1024K), 1 survivors (1024K)
 Metaspace       used 2197K, capacity 5341K, committed 5504K, reserved 1056768K
  class space    used 256K, capacity 540K, committed 640K, reserved 1048576K
}
Event: 300.136 GC heap before
{Heap before GC invocations=79744 (full 0):
 garbage-first heap   total 75776K, used 32073K [0x0000000701200000, 0x0000000800000000)
  region size 1024K, 2 young (2048K), 1 survivors (1024K)
 Metaspace       used 2197K, capacity 5341K, committed 5504K, reserved 1056768K
  class space    used 256K, capacity 540K, committed 640K, reserved 1048576K
}
Event: 300.136 GC heap after
{Heap after GC invocations=79745 (full 0):
 garbage-first heap   total 75776K, used 3401K [0x0000000701200000, 0x0000000800000000)
  region size 1024K, 1 young (1024K), 1 survivors (1024K)
 Metaspace       used 2197K, capacity 5341K, committed 5504K, reserved 1056768K
  class space    used 256K, capacity 540K, committed 640K, reserved 1048576K
}
Event: 300.143 GC heap before
{Heap before GC invocations=79746 (full 0):
 garbage-first heap   total 75776K, used 32073K [0x0000000701200000, 0x0000000800000000)
  region size 1024K, 2 young (2048K), 1 survivors (1024K)
 Metaspace       used 2197K, capacity 5341K, committed 5504K, reserved 1056768K
  class space    used 256K, capacity 540K, committed 640K, reserved 1048576K
}
Event: 300.143 GC heap after
{Heap after GC invocations=79747 (full 0):
 garbage-first heap   total 75776K, used 3401K [0x0000000701200000, 0x0000000800000000)
  region size 1024K, 1 young (1024K), 1 survivors (1024K)
 Metaspace       used 2197K, capacity 5341K, committed 5504K, reserved 1056768K
  class space    used 256K, capacity 540K, committed 640K, reserved 1048576K
}
Event: 300.149 GC heap before
{Heap before GC invocations=79748 (full 0):
 garbage-first heap   total 75776K, used 32073K [0x0000000701200000, 0x0000000800000000)
  region size 1024K, 2 young (2048K), 1 survivors (1024K)
 Metaspace       used 2197K, capacity 5341K, committed 5504K, reserved 1056768K
  class space    used 256K, capacity 540K, committed 640K, reserved 1048576K
}
Event: 300.150 GC heap after
{Heap after GC invocations=79749 (full 0):
 garbage-first heap   total 75776K, used 3401K [0x0000000701200000, 0x0000000800000000)
  region size 1024K, 1 young (1024K), 1 survivors (1024K)
 Metaspace       used 2197K, capacity 5341K, committed 5504K, reserved 1056768K
  class space    used 256K, capacity 540K, committed 640K, reserved 1048576K
}
Event: 300.156 GC heap before
{Heap before GC invocations=79750 (full 0):
 garbage-first heap   total 75776K, used 32073K [0x0000000701200000, 0x0000000800000000)
  region size 1024K, 2 young (2048K), 1 survivors (1024K)
 Metaspace       used 2197K, capacity 5341K, committed 5504K, reserved 1056768K
  class space    used 256K, capacity 540K, committed 640K, reserved 1048576K
}

